C51 COMPILER V9.00   1                                                                     05/03/2016 19:29:06 PAGE 1   


C51 COMPILER V9.00, COMPILATION OF MODULE 1
OBJECT MODULE PLACED IN 1.OBJ
COMPILER INVOKED BY: D:\keil4\C51\BIN\C51.EXE 1.c BROWSE DEBUG OBJECTEXTEND

line level    source

   1          #include<reg52.h>
   2          #include<lcd12864.h>
   3          #include<keyboard.h>
   4          #define uint unsigned int
   5          #define uchar unsigned char
   6          uint buf[9]={0};
   7          uchar code table[16]=("0123456789ABCDEF");
   8          uint turntohex(uint nmb1);
   9          void hex();
  10          void combine(uint x,uint num1);
  11          
  12          void main()
  13          {
  14   1              
  15   1              
  16   1              init();
  17   1              hex();
  18   1              
  19   1      }
  20          uint turntohex(uint nmb1)
  21          {
  22   1              uint re,temp,tt;
  23   1              re=nmb1%16;
  24   1              temp=nmb1/16;
  25   1              combine(re,tt);
  26   1              tt++;
  27   1              if(temp<16)
  28   1              {
  29   2                      combine(temp,tt);
  30   2                      tt++;
  31   2              }
  32   1              while(temp>15)
  33   1              {
  34   2                      
  35   2                      re=temp%16;
  36   2                      combine(re,tt);
  37   2                      tt++;
  38   2                      temp=temp/16;
  39   2                      if(temp<16)
  40   2                      {
  41   3                              combine(temp,tt);
  42   3                              tt++;
  43   3                      }
  44   2                              
  45   2              }
  46   1              //tt++;
  47   1              return tt;
  48   1      
  49   1      }
  50           void combine(uint x,uint num1)
  51          {
  52   1              buf[num1]=x;            
  53   1      }
  54          void hex()
  55          {
C51 COMPILER V9.00   1                                                                     05/03/2016 19:29:06 PAGE 2   

  56   1              uint ch,w,loop;
  57   1              
  58   1              long int h;
  59   1              
  60   1                      ch=keyscan();
  61   1                      h=ch;
  62   1                      //h=100;
  63   1                      //ch=10;
  64   1                      while(ch<10)
  65   1                      {
  66   2                              ch=keyscan();
  67   2                              if(ch!=10)
  68   2                              {
  69   3                                      h=h*10+ch;
  70   3                              }
  71   2                      }
  72   1                      if(ch==10)
  73   1                      {
  74   2                              w=turntohex(h);
  75   2                              write_data('=');
  76   2                              write_data('0');
  77   2                              write_data('x');
  78   2                              loop=w;
  79   2                              for(;loop!=0;loop--)
  80   2                              {
  81   3                                      write_data(table[buf[loop-1]]);
  82   3                              }
  83   2                      }
  84   1                      ch=keyscan();
  85   1                      while(ch!=11)
  86   1                      {
  87   2                              ch=keyscan();
  88   2                      }
  89   1                      writecmd(0x01);
  90   1                      
  91   1                      
  92   1                
  93   1              
  94   1      }


MODULE INFORMATION:   STATIC OVERLAYABLE
   CODE SIZE        =    840    ----
   CONSTANT SIZE    =     16    ----
   XDATA SIZE       =   ----    ----
   PDATA SIZE       =   ----    ----
   DATA SIZE        =     18      21
   IDATA SIZE       =   ----    ----
   BIT SIZE         =   ----    ----
END OF MODULE INFORMATION.


C51 COMPILATION COMPLETE.  0 WARNING(S),  0 ERROR(S)
